<?xml version="1.0" encoding="UTF-8"?>
<testng-results ignored="0" total="1" passed="1" failed="0" skipped="0">
  <reporter-output>
  </reporter-output>
  <suite started-at="2022-10-17T13:03:14 IST" name="Surefire suite" finished-at="2022-10-17T13:03:51 IST" duration-ms="36851">
    <groups>
    </groups>
    <test started-at="2022-10-17T13:03:14 IST" name="Surefire test" finished-at="2022-10-17T13:03:51 IST" duration-ms="36851">
      <class name="com.rgt.runner.WebTest">
        <test-method signature="test()[pri:0, instance:com.rgt.runner.WebTest@6366ebe0]" started-at="2022-10-17T13:03:16 IST" name="test" finished-at="2022-10-17T13:03:51 IST" duration-ms="35173" status="PASS">
          <reporter-output>
          </reporter-output>
        </test-method> <!-- test -->
      </class> <!-- com.rgt.runner.WebTest -->
    </test> <!-- Surefire test -->
  </suite> <!-- Surefire suite -->
</testng-results>
