<?xml version="1.0" encoding="UTF-8"?>
<testng-results ignored="0" total="1" passed="1" failed="0" skipped="0">
  <reporter-output>
  </reporter-output>
  <suite started-at="2022-10-22T20:22:40 IST" name="Surefire suite" finished-at="2022-10-22T20:23:00 IST" duration-ms="20693">
    <groups>
    </groups>
    <test started-at="2022-10-22T20:22:40 IST" name="Surefire test" finished-at="2022-10-22T20:23:00 IST" duration-ms="20693">
      <class name="com.rgt.runner.WebTest">
        <test-method signature="test()[pri:0, instance:com.rgt.runner.WebTest@1189dd52]" started-at="2022-10-22T20:22:40 IST" name="test" finished-at="2022-10-22T20:23:00 IST" duration-ms="20632" status="PASS">
          <reporter-output>
          </reporter-output>
        </test-method> <!-- test -->
      </class> <!-- com.rgt.runner.WebTest -->
    </test> <!-- Surefire test -->
  </suite> <!-- Surefire suite -->
</testng-results>
