<?xml version="1.0" encoding="UTF-8"?>
<testng-results ignored="0" total="1" passed="1" failed="0" skipped="0">
  <reporter-output>
  </reporter-output>
  <suite started-at="2022-10-24T16:08:48 IST" name="Default suite" finished-at="2022-10-24T16:08:51 IST" duration-ms="3704">
    <groups>
    </groups>
    <test started-at="2022-10-24T16:08:48 IST" name="Default test" finished-at="2022-10-24T16:08:51 IST" duration-ms="3704">
      <class name="com.rgt.runner.WebTest">
        <test-method signature="test()[pri:0, instance:com.rgt.runner.WebTest@1e6454ec]" started-at="2022-10-24T16:08:48 IST" name="test" finished-at="2022-10-24T16:08:51 IST" duration-ms="3650" status="PASS">
          <reporter-output>
          </reporter-output>
        </test-method> <!-- test -->
      </class> <!-- com.rgt.runner.WebTest -->
    </test> <!-- Default test -->
  </suite> <!-- Default suite -->
</testng-results>
