<?xml version="1.0" encoding="UTF-8"?>
<testng-results ignored="0" total="1" passed="1" failed="0" skipped="0">
  <reporter-output>
  </reporter-output>
  <suite started-at="2022-10-23T14:18:27 IST" name="Default suite" finished-at="2022-10-23T14:18:46 IST" duration-ms="19285">
    <groups>
    </groups>
    <test started-at="2022-10-23T14:18:27 IST" name="Default test" finished-at="2022-10-23T14:18:46 IST" duration-ms="19285">
      <class name="com.rgt.runner.WebTest3">
        <test-method signature="test()[pri:0, instance:com.rgt.runner.WebTest3@1e6454ec]" started-at="2022-10-23T14:18:27 IST" name="test" finished-at="2022-10-23T14:18:46 IST" duration-ms="19232" status="PASS">
          <reporter-output>
          </reporter-output>
        </test-method> <!-- test -->
      </class> <!-- com.rgt.runner.WebTest3 -->
    </test> <!-- Default test -->
  </suite> <!-- Default suite -->
</testng-results>
